[  108223ms] [ERROR] Failed to load resource: the server responded with a status of 400 () @ https://yzcimgrudhtnjdlvgnhg.supabase.co/rest/v1/predictions?select=*&competition_id=eq.%28%29%3D%3E%7B%0A++++++++++++return+competitionIdRef.current%3B%0A++++++++%7D:0
[  108224ms] [ERROR] [DB] Failed to get all predictions: {code: 22P02, details: null, hint: null, message: invalid input syntax for type uuid: "()=>{
            return competitionIdRef.current;
        }"} @ http://localhost:3000/_next/static/chunks/node_modules_next_dist_f3530cac._.js:3127
[  108232ms] [ERROR] Failed to load resource: the server responded with a status of 400 () @ https://yzcimgrudhtnjdlvgnhg.supabase.co/rest/v1/competition_members?select=user_id%2Cprofiles%21competition_members_user_id_fkey%28*%29&competition_id=eq.%28%29%3D%3E%7B%0A++++++++++++return+competitionIdRef.current%3B%0A++++++++%7D:0
[  108232ms] [ERROR] [DB] Competition members query error: invalid input syntax for type uuid: "()=>{
            return competitionIdRef.current;
        }" @ http://localhost:3000/_next/static/chunks/node_modules_next_dist_f3530cac._.js:3127
[  108232ms] [ERROR] [DB] Failed to get all profiles: Error: invalid input syntax for type uuid: "()=>{
            return competitionIdRef.current;
        }"
    at Object.getAllProfiles (http://localhost:3000/_next/static/chunks/src_74777713._.js?id=%255Bproject%255D%252Fsrc%252Flib%252Fservices%252Fdatabase-shared.ts+%255Bapp-client%255D+%2528ecmascript%2529:60:31)
    at async UserProvider.useCallback[getAllProfiles] (http://localhost:3000/_next/static/chunks/src_74777713._.js:5993:30) @ http://localhost:3000/_next/static/chunks/node_modules_next_dist_f3530cac._.js:3127
[  108233ms] [ERROR] Failed to load resource: the server responded with a status of 400 () @ https://yzcimgrudhtnjdlvgnhg.supabase.co/rest/v1/group_standings_overrides?select=*&competition_id=eq.%28%29%3D%3E%7B%0A++++++++++++return+competitionIdRef.current%3B%0A++++++++%7D:0
[  108237ms] [ERROR] [DB] Failed to get all overrides: {code: 22P02, details: null, hint: null, message: invalid input syntax for type uuid: "()=>{
            return competitionIdRef.current;
        }"} @ http://localhost:3000/_next/static/chunks/node_modules_next_dist_f3530cac._.js:3127
[  108362ms] [ERROR] Failed to load resource: the server responded with a status of 400 () @ https://yzcimgrudhtnjdlvgnhg.supabase.co/rest/v1/competition_members?select=user_id%2Cprofiles%21competition_members_user_id_fkey%28*%29&competition_id=eq.%28%29%3D%3E%7B%0A++++++++++++return+competitionIdRef.current%3B%0A++++++++%7D:0
[  108362ms] [ERROR] Failed to load resource: the server responded with a status of 400 () @ https://yzcimgrudhtnjdlvgnhg.supabase.co/rest/v1/predictions?select=*&competition_id=eq.%28%29%3D%3E%7B%0A++++++++++++return+competitionIdRef.current%3B%0A++++++++%7D:0
[  108362ms] [ERROR] [DB] Competition members query error: invalid input syntax for type uuid: "()=>{
            return competitionIdRef.current;
        }" @ http://localhost:3000/_next/static/chunks/node_modules_next_dist_f3530cac._.js:3127
[  108362ms] [ERROR] [DB] Failed to get all profiles: Error: invalid input syntax for type uuid: "()=>{
            return competitionIdRef.current;
        }"
    at Object.getAllProfiles (http://localhost:3000/_next/static/chunks/src_74777713._.js?id=%255Bproject%255D%252Fsrc%252Flib%252Fservices%252Fdatabase-shared.ts+%255Bapp-client%255D+%2528ecmascript%2529:60:31)
    at async UserProvider.useCallback[getAllProfiles] (http://localhost:3000/_next/static/chunks/src_74777713._.js:5993:30) @ http://localhost:3000/_next/static/chunks/node_modules_next_dist_f3530cac._.js:3127
[  108362ms] [ERROR] [DB] Failed to get all predictions: {code: 22P02, details: null, hint: null, message: invalid input syntax for type uuid: "()=>{
            return competitionIdRef.current;
        }"} @ http://localhost:3000/_next/static/chunks/node_modules_next_dist_f3530cac._.js:3127
[  108393ms] [ERROR] Failed to load resource: the server responded with a status of 400 () @ https://yzcimgrudhtnjdlvgnhg.supabase.co/rest/v1/group_standings_overrides?select=*&competition_id=eq.%28%29%3D%3E%7B%0A++++++++++++return+competitionIdRef.current%3B%0A++++++++%7D:0
[  108393ms] [ERROR] [DB] Failed to get all overrides: {code: 22P02, details: null, hint: null, message: invalid input syntax for type uuid: "()=>{
            return competitionIdRef.current;
        }"} @ http://localhost:3000/_next/static/chunks/node_modules_next_dist_f3530cac._.js:3127
[  108427ms] [ERROR] Failed to load resource: the server responded with a status of 400 () @ https://yzcimgrudhtnjdlvgnhg.supabase.co/rest/v1/group_standings_overrides?select=*&user_id=eq.465ac02f-2345-4055-9549-35d251cfb521&competition_id=eq.%28%29%3D%3E%7B%0A++++++++++++return+competitionIdRef.current%3B%0A++++++++%7D:0
[  108427ms] [ERROR] Failed to load resource: the server responded with a status of 400 () @ https://yzcimgrudhtnjdlvgnhg.supabase.co/rest/v1/predictions?select=*&user_id=eq.465ac02f-2345-4055-9549-35d251cfb521&competition_id=eq.%28%29%3D%3E%7B%0A++++++++++++return+competitionIdRef.current%3B%0A++++++++%7D:0
[  108428ms] [ERROR] [DB] Failed to get overrides for user 465ac02f-2345-4055-9549-35d251cfb521: {code: 22P02, details: null, hint: null, message: invalid input syntax for type uuid: "()=>{
            return competitionIdRef.current;
        }"} @ http://localhost:3000/_next/static/chunks/node_modules_next_dist_f3530cac._.js:3127
[  108428ms] [ERROR] [DB] Failed to get predictions for user 465ac02f-2345-4055-9549-35d251cfb521: {code: 22P02, details: null, hint: null, message: invalid input syntax for type uuid: "()=>{
            return competitionIdRef.current;
        }"} @ http://localhost:3000/_next/static/chunks/node_modules_next_dist_f3530cac._.js:3127
[  119606ms] [ERROR] Failed to load resource: the server responded with a status of 400 () @ https://yzcimgrudhtnjdlvgnhg.supabase.co/rest/v1/predictions?select=*&competition_id=eq.%28%29%3D%3E%7B%0A++++++++++++return+competitionIdRef.current%3B%0A++++++++%7D:0
[  119607ms] [ERROR] Failed to load resource: the server responded with a status of 400 () @ https://yzcimgrudhtnjdlvgnhg.supabase.co/rest/v1/competition_members?select=user_id%2Cprofiles%21competition_members_user_id_fkey%28*%29&competition_id=eq.%28%29%3D%3E%7B%0A++++++++++++return+competitionIdRef.current%3B%0A++++++++%7D:0
[  119607ms] [ERROR] [DB] Failed to get all predictions: {code: 22P02, details: null, hint: null, message: invalid input syntax for type uuid: "()=>{
            return competitionIdRef.current;
        }"} @ http://localhost:3000/_next/static/chunks/node_modules_next_dist_f3530cac._.js:3127
[  119607ms] [ERROR] Failed to load resource: the server responded with a status of 400 () @ https://yzcimgrudhtnjdlvgnhg.supabase.co/rest/v1/group_standings_overrides?select=*&competition_id=eq.%28%29%3D%3E%7B%0A++++++++++++return+competitionIdRef.current%3B%0A++++++++%7D:0
[  119608ms] [ERROR] [DB] Competition members query error: invalid input syntax for type uuid: "()=>{
            return competitionIdRef.current;
        }" @ http://localhost:3000/_next/static/chunks/node_modules_next_dist_f3530cac._.js:3127
[  119608ms] [ERROR] [DB] Failed to get all profiles: Error: invalid input syntax for type uuid: "()=>{
            return competitionIdRef.current;
        }"
    at Object.getAllProfiles (http://localhost:3000/_next/static/chunks/src_74777713._.js?id=%255Bproject%255D%252Fsrc%252Flib%252Fservices%252Fdatabase-shared.ts+%255Bapp-client%255D+%2528ecmascript%2529:60:31)
    at async UserProvider.useCallback[getAllProfiles] (http://localhost:3000/_next/static/chunks/src_74777713._.js:5993:30) @ http://localhost:3000/_next/static/chunks/node_modules_next_dist_f3530cac._.js:3127
[  119611ms] [ERROR] [DB] Failed to get all overrides: {code: 22P02, details: null, hint: null, message: invalid input syntax for type uuid: "()=>{
            return competitionIdRef.current;
        }"} @ http://localhost:3000/_next/static/chunks/node_modules_next_dist_f3530cac._.js:3127
[  119679ms] [ERROR] Failed to load resource: the server responded with a status of 400 () @ https://yzcimgrudhtnjdlvgnhg.supabase.co/rest/v1/predictions?select=*&competition_id=eq.%28%29%3D%3E%7B%0A++++++++++++return+competitionIdRef.current%3B%0A++++++++%7D:0
[  119680ms] [ERROR] Failed to load resource: the server responded with a status of 400 () @ https://yzcimgrudhtnjdlvgnhg.supabase.co/rest/v1/competition_members?select=user_id%2Cprofiles%21competition_members_user_id_fkey%28*%29&competition_id=eq.%28%29%3D%3E%7B%0A++++++++++++return+competitionIdRef.current%3B%0A++++++++%7D:0
[  119680ms] [ERROR] [DB] Failed to get all predictions: {code: 22P02, details: null, hint: null, message: invalid input syntax for type uuid: "()=>{
            return competitionIdRef.current;
        }"} @ http://localhost:3000/_next/static/chunks/node_modules_next_dist_f3530cac._.js:3127
[  119680ms] [ERROR] [DB] Competition members query error: invalid input syntax for type uuid: "()=>{
            return competitionIdRef.current;
        }" @ http://localhost:3000/_next/static/chunks/node_modules_next_dist_f3530cac._.js:3127
[  119680ms] [ERROR] [DB] Failed to get all profiles: Error: invalid input syntax for type uuid: "()=>{
            return competitionIdRef.current;
        }"
    at Object.getAllProfiles (http://localhost:3000/_next/static/chunks/src_74777713._.js?id=%255Bproject%255D%252Fsrc%252Flib%252Fservices%252Fdatabase-shared.ts+%255Bapp-client%255D+%2528ecmascript%2529:60:31)
    at async UserProvider.useCallback[getAllProfiles] (http://localhost:3000/_next/static/chunks/src_74777713._.js:5993:30) @ http://localhost:3000/_next/static/chunks/node_modules_next_dist_f3530cac._.js:3127
[  119691ms] [ERROR] Failed to load resource: the server responded with a status of 400 () @ https://yzcimgrudhtnjdlvgnhg.supabase.co/rest/v1/group_standings_overrides?select=*&competition_id=eq.%28%29%3D%3E%7B%0A++++++++++++return+competitionIdRef.current%3B%0A++++++++%7D:0
[  119691ms] [ERROR] [DB] Failed to get all overrides: {code: 22P02, details: null, hint: null, message: invalid input syntax for type uuid: "()=>{
            return competitionIdRef.current;
        }"} @ http://localhost:3000/_next/static/chunks/node_modules_next_dist_f3530cac._.js:3127
[  119817ms] [ERROR] Failed to load resource: the server responded with a status of 400 () @ https://yzcimgrudhtnjdlvgnhg.supabase.co/rest/v1/competition_members?select=user_id%2Cprofiles%21competition_members_user_id_fkey%28*%29&competition_id=eq.%28%29%3D%3E%7B%0A++++++++++++return+competitionIdRef.current%3B%0A++++++++%7D:0
[  119817ms] [ERROR] Failed to load resource: the server responded with a status of 400 () @ https://yzcimgrudhtnjdlvgnhg.supabase.co/rest/v1/group_standings_overrides?select=*&competition_id=eq.%28%29%3D%3E%7B%0A++++++++++++return+competitionIdRef.current%3B%0A++++++++%7D:0
[  119817ms] [ERROR] [DB] Competition members query error: invalid input syntax for type uuid: "()=>{
            return competitionIdRef.current;
        }" @ http://localhost:3000/_next/static/chunks/node_modules_next_dist_f3530cac._.js:3127
[  119817ms] [ERROR] [DB] Failed to get all profiles: Error: invalid input syntax for type uuid: "()=>{
            return competitionIdRef.current;
        }"
    at Object.getAllProfiles (http://localhost:3000/_next/static/chunks/src_74777713._.js?id=%255Bproject%255D%252Fsrc%252Flib%252Fservices%252Fdatabase-shared.ts+%255Bapp-client%255D+%2528ecmascript%2529:60:31)
    at async UserProvider.useCallback[getAllProfiles] (http://localhost:3000/_next/static/chunks/src_74777713._.js:5993:30) @ http://localhost:3000/_next/static/chunks/node_modules_next_dist_f3530cac._.js:3127
[  119818ms] [ERROR] Failed to load resource: the server responded with a status of 400 () @ https://yzcimgrudhtnjdlvgnhg.supabase.co/rest/v1/group_standings_overrides?select=*&user_id=eq.465ac02f-2345-4055-9549-35d251cfb521&competition_id=eq.%28%29%3D%3E%7B%0A++++++++++++return+competitionIdRef.current%3B%0A++++++++%7D:0
[  119818ms] [ERROR] [DB] Failed to get all overrides: {code: 22P02, details: null, hint: null, message: invalid input syntax for type uuid: "()=>{
            return competitionIdRef.current;
        }"} @ http://localhost:3000/_next/static/chunks/node_modules_next_dist_f3530cac._.js:3127
[  119819ms] [ERROR] Failed to load resource: the server responded with a status of 400 () @ https://yzcimgrudhtnjdlvgnhg.supabase.co/rest/v1/predictions?select=*&user_id=eq.465ac02f-2345-4055-9549-35d251cfb521&competition_id=eq.%28%29%3D%3E%7B%0A++++++++++++return+competitionIdRef.current%3B%0A++++++++%7D:0
[  119819ms] [ERROR] [DB] Failed to get overrides for user 465ac02f-2345-4055-9549-35d251cfb521: {code: 22P02, details: null, hint: null, message: invalid input syntax for type uuid: "()=>{
            return competitionIdRef.current;
        }"} @ http://localhost:3000/_next/static/chunks/node_modules_next_dist_f3530cac._.js:3127
[  119819ms] [ERROR] [DB] Failed to get predictions for user 465ac02f-2345-4055-9549-35d251cfb521: {code: 22P02, details: null, hint: null, message: invalid input syntax for type uuid: "()=>{
            return competitionIdRef.current;
        }"} @ http://localhost:3000/_next/static/chunks/node_modules_next_dist_f3530cac._.js:3127
[  119840ms] [ERROR] Failed to load resource: the server responded with a status of 400 () @ https://yzcimgrudhtnjdlvgnhg.supabase.co/rest/v1/predictions?select=*&competition_id=eq.%28%29%3D%3E%7B%0A++++++++++++return+competitionIdRef.current%3B%0A++++++++%7D:0
[  119841ms] [ERROR] [DB] Failed to get all predictions: {code: 22P02, details: null, hint: null, message: invalid input syntax for type uuid: "()=>{
            return competitionIdRef.current;
        }"} @ http://localhost:3000/_next/static/chunks/node_modules_next_dist_f3530cac._.js:3127
[  119917ms] [ERROR] Failed to load resource: the server responded with a status of 400 () @ https://yzcimgrudhtnjdlvgnhg.supabase.co/rest/v1/predictions?select=*&competition_id=eq.%28%29%3D%3E%7B%0A++++++++++++return+competitionIdRef.current%3B%0A++++++++%7D:0
[  119919ms] [ERROR] [DB] Failed to get all predictions: {code: 22P02, details: null, hint: null, message: invalid input syntax for type uuid: "()=>{
            return competitionIdRef.current;
        }"} @ http://localhost:3000/_next/static/chunks/node_modules_next_dist_f3530cac._.js:3127
[  119926ms] [ERROR] Failed to load resource: the server responded with a status of 400 () @ https://yzcimgrudhtnjdlvgnhg.supabase.co/rest/v1/competition_members?select=user_id%2Cprofiles%21competition_members_user_id_fkey%28*%29&competition_id=eq.%28%29%3D%3E%7B%0A++++++++++++return+competitionIdRef.current%3B%0A++++++++%7D:0
[  119926ms] [ERROR] Failed to load resource: the server responded with a status of 400 () @ https://yzcimgrudhtnjdlvgnhg.supabase.co/rest/v1/group_standings_overrides?select=*&competition_id=eq.%28%29%3D%3E%7B%0A++++++++++++return+competitionIdRef.current%3B%0A++++++++%7D:0
[  119927ms] [ERROR] [DB] Competition members query error: invalid input syntax for type uuid: "()=>{
            return competitionIdRef.current;
        }" @ http://localhost:3000/_next/static/chunks/node_modules_next_dist_f3530cac._.js:3127
[  119927ms] [ERROR] [DB] Failed to get all profiles: Error: invalid input syntax for type uuid: "()=>{
            return competitionIdRef.current;
        }"
    at Object.getAllProfiles (http://localhost:3000/_next/static/chunks/src_74777713._.js?id=%255Bproject%255D%252Fsrc%252Flib%252Fservices%252Fdatabase-shared.ts+%255Bapp-client%255D+%2528ecmascript%2529:60:31)
    at async UserProvider.useCallback[getAllProfiles] (http://localhost:3000/_next/static/chunks/src_74777713._.js:5993:30) @ http://localhost:3000/_next/static/chunks/node_modules_next_dist_f3530cac._.js:3127
[  119927ms] [ERROR] [DB] Failed to get all overrides: {code: 22P02, details: null, hint: null, message: invalid input syntax for type uuid: "()=>{
            return competitionIdRef.current;
        }"} @ http://localhost:3000/_next/static/chunks/node_modules_next_dist_f3530cac._.js:3127
[  134264ms] [ERROR] Failed to load resource: the server responded with a status of 400 () @ https://yzcimgrudhtnjdlvgnhg.supabase.co/rest/v1/group_standings_overrides?select=*&competition_id=eq.%28%29%3D%3E%7B%0A++++++++++++return+competitionIdRef.current%3B%0A++++++++%7D:0
[  134264ms] [ERROR] Failed to load resource: the server responded with a status of 400 () @ https://yzcimgrudhtnjdlvgnhg.supabase.co/rest/v1/predictions?select=*&competition_id=eq.%28%29%3D%3E%7B%0A++++++++++++return+competitionIdRef.current%3B%0A++++++++%7D:0
[  134264ms] [ERROR] [DB] Failed to get all overrides: {code: 22P02, details: null, hint: null, message: invalid input syntax for type uuid: "()=>{
            return competitionIdRef.current;
        }"} @ http://localhost:3000/_next/static/chunks/node_modules_next_dist_f3530cac._.js:3127
[  134265ms] [ERROR] [DB] Failed to get all predictions: {code: 22P02, details: null, hint: null, message: invalid input syntax for type uuid: "()=>{
            return competitionIdRef.current;
        }"} @ http://localhost:3000/_next/static/chunks/node_modules_next_dist_f3530cac._.js:3127
[  134342ms] [ERROR] Failed to load resource: the server responded with a status of 400 () @ https://yzcimgrudhtnjdlvgnhg.supabase.co/rest/v1/predictions?select=*&competition_id=eq.%28%29%3D%3E%7B%0A++++++++++++return+competitionIdRef.current%3B%0A++++++++%7D:0
[  134342ms] [ERROR] Failed to load resource: the server responded with a status of 400 () @ https://yzcimgrudhtnjdlvgnhg.supabase.co/rest/v1/group_standings_overrides?select=*&competition_id=eq.%28%29%3D%3E%7B%0A++++++++++++return+competitionIdRef.current%3B%0A++++++++%7D:0
[  134342ms] [ERROR] [DB] Failed to get all predictions: {code: 22P02, details: null, hint: null, message: invalid input syntax for type uuid: "()=>{
            return competitionIdRef.current;
        }"} @ http://localhost:3000/_next/static/chunks/node_modules_next_dist_f3530cac._.js:3127
[  134344ms] [ERROR] [DB] Failed to get all overrides: {code: 22P02, details: null, hint: null, message: invalid input syntax for type uuid: "()=>{
            return competitionIdRef.current;
        }"} @ http://localhost:3000/_next/static/chunks/node_modules_next_dist_f3530cac._.js:3127
[  134373ms] [ERROR] Failed to load resource: the server responded with a status of 400 () @ https://yzcimgrudhtnjdlvgnhg.supabase.co/rest/v1/competition_members?select=user_id%2Cprofiles%21competition_members_user_id_fkey%28*%29&competition_id=eq.%28%29%3D%3E%7B%0A++++++++++++return+competitionIdRef.current%3B%0A++++++++%7D:0
[  134373ms] [ERROR] [DB] Competition members query error: invalid input syntax for type uuid: "()=>{
            return competitionIdRef.current;
        }" @ http://localhost:3000/_next/static/chunks/node_modules_next_dist_f3530cac._.js:3127
[  134373ms] [ERROR] [DB] Failed to get all profiles: Error: invalid input syntax for type uuid: "()=>{
            return competitionIdRef.current;
        }"
    at Object.getAllProfiles (http://localhost:3000/_next/static/chunks/src_74777713._.js?id=%255Bproject%255D%252Fsrc%252Flib%252Fservices%252Fdatabase-shared.ts+%255Bapp-client%255D+%2528ecmascript%2529:60:31)
    at async UserProvider.useCallback[getAllProfiles] (http://localhost:3000/_next/static/chunks/src_74777713._.js:5993:30) @ http://localhost:3000/_next/static/chunks/node_modules_next_dist_f3530cac._.js:3127
[  134527ms] [ERROR] Failed to load resource: the server responded with a status of 400 () @ https://yzcimgrudhtnjdlvgnhg.supabase.co/rest/v1/competition_members?select=user_id%2Cprofiles%21competition_members_user_id_fkey%28*%29&competition_id=eq.%28%29%3D%3E%7B%0A++++++++++++return+competitionIdRef.current%3B%0A++++++++%7D:0
[  134528ms] [ERROR] [DB] Competition members query error: invalid input syntax for type uuid: "()=>{
            return competitionIdRef.current;
        }" @ http://localhost:3000/_next/static/chunks/node_modules_next_dist_f3530cac._.js:3127
[  134528ms] [ERROR] [DB] Failed to get all profiles: Error: invalid input syntax for type uuid: "()=>{
            return competitionIdRef.current;
        }"
    at Object.getAllProfiles (http://localhost:3000/_next/static/chunks/src_74777713._.js?id=%255Bproject%255D%252Fsrc%252Flib%252Fservices%252Fdatabase-shared.ts+%255Bapp-client%255D+%2528ecmascript%2529:60:31)
    at async UserProvider.useCallback[getAllProfiles] (http://localhost:3000/_next/static/chunks/src_74777713._.js:5993:30) @ http://localhost:3000/_next/static/chunks/node_modules_next_dist_f3530cac._.js:3127
[  134694ms] [ERROR] Failed to load resource: the server responded with a status of 400 () @ https://yzcimgrudhtnjdlvgnhg.supabase.co/rest/v1/competition_members?select=user_id%2Cprofiles%21competition_members_user_id_fkey%28*%29&competition_id=eq.%28%29%3D%3E%7B%0A++++++++++++return+competitionIdRef.current%3B%0A++++++++%7D:0
[  134695ms] [ERROR] [DB] Competition members query error: invalid input syntax for type uuid: "()=>{
            return competitionIdRef.current;
        }" @ http://localhost:3000/_next/static/chunks/node_modules_next_dist_f3530cac._.js:3127
[  134695ms] [ERROR] [DB] Failed to get all profiles: Error: invalid input syntax for type uuid: "()=>{
            return competitionIdRef.current;
        }"
    at Object.getAllProfiles (http://localhost:3000/_next/static/chunks/src_74777713._.js?id=%255Bproject%255D%252Fsrc%252Flib%252Fservices%252Fdatabase-shared.ts+%255Bapp-client%255D+%2528ecmascript%2529:60:31)
    at async UserProvider.useCallback[getAllProfiles] (http://localhost:3000/_next/static/chunks/src_74777713._.js:5993:30) @ http://localhost:3000/_next/static/chunks/node_modules_next_dist_f3530cac._.js:3127
[  134695ms] [ERROR] Failed to load resource: the server responded with a status of 400 () @ https://yzcimgrudhtnjdlvgnhg.supabase.co/rest/v1/predictions?select=*&competition_id=eq.%28%29%3D%3E%7B%0A++++++++++++return+competitionIdRef.current%3B%0A++++++++%7D:0
[  134696ms] [ERROR] [DB] Failed to get all predictions: {code: 22P02, details: null, hint: null, message: invalid input syntax for type uuid: "()=>{
            return competitionIdRef.current;
        }"} @ http://localhost:3000/_next/static/chunks/node_modules_next_dist_f3530cac._.js:3127
[  134708ms] [ERROR] Failed to load resource: the server responded with a status of 400 () @ https://yzcimgrudhtnjdlvgnhg.supabase.co/rest/v1/group_standings_overrides?select=*&competition_id=eq.%28%29%3D%3E%7B%0A++++++++++++return+competitionIdRef.current%3B%0A++++++++%7D:0
[  134710ms] [ERROR] [DB] Failed to get all overrides: {code: 22P02, details: null, hint: null, message: invalid input syntax for type uuid: "()=>{
            return competitionIdRef.current;
        }"} @ http://localhost:3000/_next/static/chunks/node_modules_next_dist_f3530cac._.js:3127
[  134820ms] [ERROR] Failed to load resource: the server responded with a status of 400 () @ https://yzcimgrudhtnjdlvgnhg.supabase.co/rest/v1/competition_members?select=user_id%2Cprofiles%21competition_members_user_id_fkey%28*%29&competition_id=eq.%28%29%3D%3E%7B%0A++++++++++++return+competitionIdRef.current%3B%0A++++++++%7D:0
[  134821ms] [ERROR] [DB] Competition members query error: invalid input syntax for type uuid: "()=>{
            return competitionIdRef.current;
        }" @ http://localhost:3000/_next/static/chunks/node_modules_next_dist_f3530cac._.js:3127
[  134821ms] [ERROR] [DB] Failed to get all profiles: Error: invalid input syntax for type uuid: "()=>{
            return competitionIdRef.current;
        }"
    at Object.getAllProfiles (http://localhost:3000/_next/static/chunks/src_74777713._.js?id=%255Bproject%255D%252Fsrc%252Flib%252Fservices%252Fdatabase-shared.ts+%255Bapp-client%255D+%2528ecmascript%2529:60:31)
    at async UserProvider.useCallback[getAllProfiles] (http://localhost:3000/_next/static/chunks/src_74777713._.js:5993:30) @ http://localhost:3000/_next/static/chunks/node_modules_next_dist_f3530cac._.js:3127
[  134835ms] [ERROR] Failed to load resource: the server responded with a status of 400 () @ https://yzcimgrudhtnjdlvgnhg.supabase.co/rest/v1/predictions?select=*&competition_id=eq.%28%29%3D%3E%7B%0A++++++++++++return+competitionIdRef.current%3B%0A++++++++%7D:0
[  134835ms] [ERROR] Failed to load resource: the server responded with a status of 400 () @ https://yzcimgrudhtnjdlvgnhg.supabase.co/rest/v1/group_standings_overrides?select=*&competition_id=eq.%28%29%3D%3E%7B%0A++++++++++++return+competitionIdRef.current%3B%0A++++++++%7D:0
[  134835ms] [ERROR] [DB] Failed to get all predictions: {code: 22P02, details: null, hint: null, message: invalid input syntax for type uuid: "()=>{
            return competitionIdRef.current;
        }"} @ http://localhost:3000/_next/static/chunks/node_modules_next_dist_f3530cac._.js:3127
[  134835ms] [ERROR] [DB] Failed to get all overrides: {code: 22P02, details: null, hint: null, message: invalid input syntax for type uuid: "()=>{
            return competitionIdRef.current;
        }"} @ http://localhost:3000/_next/static/chunks/node_modules_next_dist_f3530cac._.js:3127
[  135044ms] [ERROR] Failed to load resource: the server responded with a status of 400 () @ https://yzcimgrudhtnjdlvgnhg.supabase.co/rest/v1/group_standings_overrides?select=*&user_id=eq.465ac02f-2345-4055-9549-35d251cfb521&competition_id=eq.%28%29%3D%3E%7B%0A++++++++++++return+competitionIdRef.current%3B%0A++++++++%7D:0
[  135045ms] [ERROR] Failed to load resource: the server responded with a status of 400 () @ https://yzcimgrudhtnjdlvgnhg.supabase.co/rest/v1/predictions?select=*&user_id=eq.465ac02f-2345-4055-9549-35d251cfb521&competition_id=eq.%28%29%3D%3E%7B%0A++++++++++++return+competitionIdRef.current%3B%0A++++++++%7D:0
[  135046ms] [ERROR] [DB] Failed to get overrides for user 465ac02f-2345-4055-9549-35d251cfb521: {code: 22P02, details: null, hint: null, message: invalid input syntax for type uuid: "()=>{
            return competitionIdRef.current;
        }"} @ http://localhost:3000/_next/static/chunks/node_modules_next_dist_f3530cac._.js:3127
[  135046ms] [ERROR] [DB] Failed to get predictions for user 465ac02f-2345-4055-9549-35d251cfb521: {code: 22P02, details: null, hint: null, message: invalid input syntax for type uuid: "()=>{
            return competitionIdRef.current;
        }"} @ http://localhost:3000/_next/static/chunks/node_modules_next_dist_f3530cac._.js:3127
[  142027ms] ReferenceError: useRef is not defined
    at DatabaseProvider (http://localhost:3000/_next/static/chunks/src_74777713._.js?id=%255Bproject%255D%252Fsrc%252Fcontexts%252FDatabaseContext.tsx+%255Bapp-client%255D+%2528ecmascript%2529+%253Clocals%253E:36:30)
    at Object.react_stack_bottom_frame (http://localhost:3000/_next/static/chunks/node_modules_next_dist_compiled_react-dom_1e674e59._.js:14826:24)
    at renderWithHooks (http://localhost:3000/_next/static/chunks/node_modules_next_dist_compiled_react-dom_1e674e59._.js:4651:24)
    at updateFunctionComponent (http://localhost:3000/_next/static/chunks/node_modules_next_dist_compiled_react-dom_1e674e59._.js:6112:21)
    at beginWork (http://localhost:3000/_next/static/chunks/node_modules_next_dist_compiled_react-dom_1e674e59._.js:6708:24)
    at runWithFiberInDEV (http://localhost:3000/_next/static/chunks/node_modules_next_dist_compiled_react-dom_1e674e59._.js:965:74)
    at performUnitOfWork (http://localhost:3000/_next/static/chunks/node_modules_next_dist_compiled_react-dom_1e674e59._.js:9562:97)
    at workLoopSync (http://localhost:3000/_next/static/chunks/node_modules_next_dist_compiled_react-dom_1e674e59._.js:9456:40)
    at renderRootSync (http://localhost:3000/_next/static/chunks/node_modules_next_dist_compiled_react-dom_1e674e59._.js:9440:13)
    at performWorkOnRoot (http://localhost:3000/_next/static/chunks/node_modules_next_dist_compiled_react-dom_1e674e59._.js:9105:47)
    at performSyncWorkOnRoot (http://localhost:3000/_next/static/chunks/node_modules_next_dist_compiled_react-dom_1e674e59._.js:10238:9)
    at flushSyncWorkAcrossRoots_impl (http://localhost:3000/_next/static/chunks/node_modules_next_dist_compiled_react-dom_1e674e59._.js:10154:316)
    at flushSyncWork$1 (http://localhost:3000/_next/static/chunks/node_modules_next_dist_compiled_react-dom_1e674e59._.js:9237:86)
    at Object.scheduleRefresh (http://localhost:3000/_next/static/chunks/node_modules_next_dist_compiled_react-dom_1e674e59._.js:299:13)
    at http://localhost:3000/_next/static/chunks/node_modules_next_dist_compiled_a0e4c7b4._.js:391:33
    at Set.forEach (<anonymous>)
    at Object.performReactRefresh (http://localhost:3000/_next/static/chunks/node_modules_next_dist_compiled_a0e4c7b4._.js:384:38)
    at applyUpdate (http://localhost:3000/_next/static/chunks/node_modules_next_dist_compiled_a0e4c7b4._.js:878:31)
    at http://localhost:3000/_next/static/chunks/node_modules_next_dist_compiled_a0e4c7b4._.js:886:13
[  155691ms] [WARNING] [Fast Refresh] performing full reload because your application had an unrecoverable error @ http://localhost:3000/_next/static/chunks/node_modules_next_dist_f3530cac._.js:2297
[  155706ms] [WARNING] [Fast Refresh] performing full reload because your application had an unrecoverable error @ http://localhost:3000/_next/static/chunks/node_modules_next_dist_f3530cac._.js:2297
[  156776ms] [ERROR] [MatchProvider] Fetch error: TypeError: Failed to fetch
    at MatchProvider.useCallback[fetchMatches] (http://localhost:3000/_next/static/chunks/src_74777713._.js:4184:35)
    at MatchProvider.useEffect (http://localhost:3000/_next/static/chunks/src_74777713._.js:4228:17)
    at Object.react_stack_bottom_frame (http://localhost:3000/_next/static/chunks/node_modules_next_dist_compiled_react-dom_1e674e59._.js:14876:22)
    at runWithFiberInDEV (http://localhost:3000/_next/static/chunks/node_modules_next_dist_compiled_react-dom_1e674e59._.js:965:74)
    at commitHookEffectListMount (http://localhost:3000/_next/static/chunks/node_modules_next_dist_compiled_react-dom_1e674e59._.js:7266:167)
    at commitHookPassiveMountEffects (http://localhost:3000/_next/static/chunks/node_modules_next_dist_compiled_react-dom_1e674e59._.js:7301:60)
    at reconnectPassiveEffects (http://localhost:3000/_next/static/chunks/node_modules_next_dist_compiled_react-dom_1e674e59._.js:8786:17)
    at recursivelyTraverseReconnectPassiveEffects (http://localhost:3000/_next/static/chunks/node_modules_next_dist_compiled_react-dom_1e674e59._.js:8773:13)
    at reconnectPassiveEffects (http://localhost:3000/_next/static/chunks/node_modules_next_dist_compiled_react-dom_1e674e59._.js:8800:17)
    at recursivelyTraverseReconnectPassiveEffects (http://localhost:3000/_next/static/chunks/node_modules_next_dist_compiled_react-dom_1e674e59._.js:8773:13)
    at reconnectPassiveEffects (http://localhost:3000/_next/static/chunks/node_modules_next_dist_compiled_react-dom_1e674e59._.js:8785:17)
    at recursivelyTraverseReconnectPassiveEffects (http://localhost:3000/_next/static/chunks/node_modules_next_dist_compiled_react-dom_1e674e59._.js:8773:13)
    at reconnectPassiveEffects (http://localhost:3000/_next/static/chunks/node_modules_next_dist_compiled_react-dom_1e674e59._.js:8800:17)
    at recursivelyTraverseReconnectPassiveEffects (http://localhost:3000/_next/static/chunks/node_modules_next_dist_compiled_react-dom_1e674e59._.js:8773:13)
    at reconnectPassiveEffects (http://localhost:3000/_next/static/chunks/node_modules_next_dist_compiled_react-dom_1e674e59._.js:8785:17)
    at recursivelyTraverseReconnectPassiveEffects (http://localhost:3000/_next/static/chunks/node_modules_next_dist_compiled_react-dom_1e674e59._.js:8773:13)
    at reconnectPassiveEffects (http://localhost:3000/_next/static/chunks/node_modules_next_dist_compiled_react-dom_1e674e59._.js:8800:17)
    at doubleInvokeEffectsOnFiber (http://localhost:3000/_next/static/chunks/node_modules_next_dist_compiled_react-dom_1e674e59._.js:10092:133)
    at runWithFiberInDEV (http://localhost:3000/_next/static/chunks/node_modules_next_dist_compiled_react-dom_1e674e59._.js:965:74)
    at recursivelyTraverseAndDoubleInvokeEffectsInDEV (http://localhost:3000/_next/static/chunks/node_modules_next_dist_compiled_react-dom_1e674e59._.js:10085:79)
    at recursivelyTraverseAndDoubleInvokeEffectsInDEV (http://localhost:3000/_next/static/chunks/node_modules_next_dist_compiled_react-dom_1e674e59._.js:10085:147)
    at recursivelyTraverseAndDoubleInvokeEffectsInDEV (http://localhost:3000/_next/static/chunks/node_modules_next_dist_compiled_react-dom_1e674e59._.js:10085:147)
    at recursivelyTraverseAndDoubleInvokeEffectsInDEV (http://localhost:3000/_next/static/chunks/node_modules_next_dist_compiled_react-dom_1e674e59._.js:10085:147)
    at recursivelyTraverseAndDoubleInvokeEffectsInDEV (http://localhost:3000/_next/static/chunks/node_modules_next_dist_compiled_react-dom_1e674e59._.js:10085:147)
    at recursivelyTraverseAndDoubleInvokeEffectsInDEV (http://localhost:3000/_next/static/chunks/node_modules_next_dist_compiled_react-dom_1e674e59._.js:10085:147)
    at recursivelyTraverseAndDoubleInvokeEffectsInDEV (http://localhost:3000/_next/static/chunks/node_modules_next_dist_compiled_react-dom_1e674e59._.js:10085:147)
    at recursivelyTraverseAndDoubleInvokeEffectsInDEV (http://localhost:3000/_next/static/chunks/node_modules_next_dist_compiled_react-dom_1e674e59._.js:10085:147)
    at recursivelyTraverseAndDoubleInvokeEffectsInDEV (http://localhost:3000/_next/static/chunks/node_modules_next_dist_compiled_react-dom_1e674e59._.js:10085:147)
    at recursivelyTraverseAndDoubleInvokeEffectsInDEV (http://localhost:3000/_next/static/chunks/node_modules_next_dist_compiled_react-dom_1e674e59._.js:10085:147)
    at recursivelyTraverseAndDoubleInvokeEffectsInDEV (http://localhost:3000/_next/static/chunks/node_modules_next_dist_compiled_react-dom_1e674e59._.js:10085:147)
    at recursivelyTraverseAndDoubleInvokeEffectsInDEV (http://localhost:3000/_next/static/chunks/node_modules_next_dist_compiled_react-dom_1e674e59._.js:10085:147)
    at recursivelyTraverseAndDoubleInvokeEffectsInDEV (http://localhost:3000/_next/static/chunks/node_modules_next_dist_compiled_react-dom_1e674e59._.js:10085:147)
    at recursivelyTraverseAndDoubleInvokeEffectsInDEV (http://localhost:3000/_next/static/chunks/node_modules_next_dist_compiled_react-dom_1e674e59._.js:10085:147)
    at recursivelyTraverseAndDoubleInvokeEffectsInDEV (http://localhost:3000/_next/static/chunks/node_modules_next_dist_compiled_react-dom_1e674e59._.js:10085:147)
    at recursivelyTraverseAndDoubleInvokeEffectsInDEV (http://localhost:3000/_next/static/chunks/node_modules_next_dist_compiled_react-dom_1e674e59._.js:10085:147)
    at recursivelyTraverseAndDoubleInvokeEffectsInDEV (http://localhost:3000/_next/static/chunks/node_modules_next_dist_compiled_react-dom_1e674e59._.js:10085:147)
    at recursivelyTraverseAndDoubleInvokeEffectsInDEV (http://localhost:3000/_next/static/chunks/node_modules_next_dist_compiled_react-dom_1e674e59._.js:10085:147)
    at recursivelyTraverseAndDoubleInvokeEffectsInDEV (http://localhost:3000/_next/static/chunks/node_modules_next_dist_compiled_react-dom_1e674e59._.js:10085:147)
    at recursivelyTraverseAndDoubleInvokeEffectsInDEV (http://localhost:3000/_next/static/chunks/node_modules_next_dist_compiled_react-dom_1e674e59._.js:10085:147)
    at recursivelyTraverseAndDoubleInvokeEffectsInDEV (http://localhost:3000/_next/static/chunks/node_modules_next_dist_compiled_react-dom_1e674e59._.js:10085:147)
    at recursivelyTraverseAndDoubleInvokeEffectsInDEV (http://localhost:3000/_next/static/chunks/node_modules_next_dist_compiled_react-dom_1e674e59._.js:10085:147)
    at recursivelyTraverseAndDoubleInvokeEffectsInDEV (http://localhost:3000/_next/static/chunks/node_modules_next_dist_compiled_react-dom_1e674e59._.js:10085:147)
    at recursivelyTraverseAndDoubleInvokeEffectsInDEV (http://localhost:3000/_next/static/chunks/node_modules_next_dist_compiled_react-dom_1e674e59._.js:10085:147)
    at recursivelyTraverseAndDoubleInvokeEffectsInDEV (http://localhost:3000/_next/static/chunks/node_modules_next_dist_compiled_react-dom_1e674e59._.js:10085:147)
    at recursivelyTraverseAndDoubleInvokeEffectsInDEV (http://localhost:3000/_next/static/chunks/node_modules_next_dist_compiled_react-dom_1e674e59._.js:10085:147)
    at recursivelyTraverseAndDoubleInvokeEffectsInDEV (http://localhost:3000/_next/static/chunks/node_modules_next_dist_compiled_react-dom_1e674e59._.js:10085:147)
    at recursivelyTraverseAndDoubleInvokeEffectsInDEV (http://localhost:3000/_next/static/chunks/node_modules_next_dist_compiled_react-dom_1e674e59._.js:10085:147)
    at recursivelyTraverseAndDoubleInvokeEffectsInDEV (http://localhost:3000/_next/static/chunks/node_modules_next_dist_compiled_react-dom_1e674e59._.js:10085:147)
    at recursivelyTraverseAndDoubleInvokeEffectsInDEV (http://localhost:3000/_next/static/chunks/node_modules_next_dist_compiled_react-dom_1e674e59._.js:10085:147)
    at recursivelyTraverseAndDoubleInvokeEffectsInDEV (http://localhost:3000/_next/static/chunks/node_modules_next_dist_compiled_react-dom_1e674e59._.js:10085:147) @ http://localhost:3000/_next/static/chunks/node_modules_next_dist_f3530cac._.js:3127
[  156776ms] [ERROR] [MatchProvider] Fetch error: TypeError: Failed to fetch
    at MatchProvider.useCallback[fetchMatches] (http://localhost:3000/_next/static/chunks/src_74777713._.js:4184:35)
    at MatchProvider.useEffect (http://localhost:3000/_next/static/chunks/src_74777713._.js:4228:17)
    at Object.react_stack_bottom_frame (http://localhost:3000/_next/static/chunks/node_modules_next_dist_compiled_react-dom_1e674e59._.js:14876:22)
    at runWithFiberInDEV (http://localhost:3000/_next/static/chunks/node_modules_next_dist_compiled_react-dom_1e674e59._.js:965:74)
    at commitHookEffectListMount (http://localhost:3000/_next/static/chunks/node_modules_next_dist_compiled_react-dom_1e674e59._.js:7266:167)
    at commitHookPassiveMountEffects (http://localhost:3000/_next/static/chunks/node_modules_next_dist_compiled_react-dom_1e674e59._.js:7301:60)
    at commitPassiveMountOnFiber (http://localhost:3000/_next/static/chunks/node_modules_next_dist_compiled_react-dom_1e674e59._.js:8696:33)
    at recursivelyTraversePassiveMountEffects (http://localhost:3000/_next/static/chunks/node_modules_next_dist_compiled_react-dom_1e674e59._.js:8683:316)
    at commitPassiveMountOnFiber (http://localhost:3000/_next/static/chunks/node_modules_next_dist_compiled_react-dom_1e674e59._.js:8757:17)
    at recursivelyTraversePassiveMountEffects (http://localhost:3000/_next/static/chunks/node_modules_next_dist_compiled_react-dom_1e674e59._.js:8683:316)
    at commitPassiveMountOnFiber (http://localhost:3000/_next/static/chunks/node_modules_next_dist_compiled_react-dom_1e674e59._.js:8695:17)
    at recursivelyTraversePassiveMountEffects (http://localhost:3000/_next/static/chunks/node_modules_next_dist_compiled_react-dom_1e674e59._.js:8683:316)
    at commitPassiveMountOnFiber (http://localhost:3000/_next/static/chunks/node_modules_next_dist_compiled_react-dom_1e674e59._.js:8757:17)
    at recursivelyTraversePassiveMountEffects (http://localhost:3000/_next/static/chunks/node_modules_next_dist_compiled_react-dom_1e674e59._.js:8683:316)
    at commitPassiveMountOnFiber (http://localhost:3000/_next/static/chunks/node_modules_next_dist_compiled_react-dom_1e674e59._.js:8695:17)
    at recursivelyTraversePassiveMountEffects (http://localhost:3000/_next/static/chunks/node_modules_next_dist_compiled_react-dom_1e674e59._.js:8683:316)
    at commitPassiveMountOnFiber (http://localhost:3000/_next/static/chunks/node_modules_next_dist_compiled_react-dom_1e674e59._.js:8757:17)
    at recursivelyTraversePassiveMountEffects (http://localhost:3000/_next/static/chunks/node_modules_next_dist_compiled_react-dom_1e674e59._.js:8683:316)
    at commitPassiveMountOnFiber (http://localhost:3000/_next/static/chunks/node_modules_next_dist_compiled_react-dom_1e674e59._.js:8695:17)
    at recursivelyTraversePassiveMountEffects (http://localhost:3000/_next/static/chunks/node_modules_next_dist_compiled_react-dom_1e674e59._.js:8683:316)
    at commitPassiveMountOnFiber (http://localhost:3000/_next/static/chunks/node_modules_next_dist_compiled_react-dom_1e674e59._.js:8695:17)
    at recursivelyTraversePassiveMountEffects (http://localhost:3000/_next/static/chunks/node_modules_next_dist_compiled_react-dom_1e674e59._.js:8683:316)
    at commitPassiveMountOnFiber (http://localhost:3000/_next/static/chunks/node_modules_next_dist_compiled_react-dom_1e674e59._.js:8757:17)
    at recursivelyTraversePassiveMountEffects (http://localhost:3000/_next/static/chunks/node_modules_next_dist_compiled_react-dom_1e674e59._.js:8683:316)
    at commitPassiveMountOnFiber (http://localhost:3000/_next/static/chunks/node_modules_next_dist_compiled_react-dom_1e674e59._.js:8757:17)
    at recursivelyTraversePassiveMountEffects (http://localhost:3000/_next/static/chunks/node_modules_next_dist_compiled_react-dom_1e674e59._.js:8683:316)
    at commitPassiveMountOnFiber (http://localhost:3000/_next/static/chunks/node_modules_next_dist_compiled_react-dom_1e674e59._.js:8757:17)
    at recursivelyTraversePassiveMountEffects (http://localhost:3000/_next/static/chunks/node_modules_next_dist_compiled_react-dom_1e674e59._.js:8683:316)
    at commitPassiveMountOnFiber (http://localhost:3000/_next/static/chunks/node_modules_next_dist_compiled_react-dom_1e674e59._.js:8695:17)
    at recursivelyTraversePassiveMountEffects (http://localhost:3000/_next/static/chunks/node_modules_next_dist_compiled_react-dom_1e674e59._.js:8683:316)
    at commitPassiveMountOnFiber (http://localhost:3000/_next/static/chunks/node_modules_next_dist_compiled_react-dom_1e674e59._.js:8695:17)
    at recursivelyTraversePassiveMountEffects (http://localhost:3000/_next/static/chunks/node_modules_next_dist_compiled_react-dom_1e674e59._.js:8683:316)
    at commitPassiveMountOnFiber (http://localhost:3000/_next/static/chunks/node_modules_next_dist_compiled_react-dom_1e674e59._.js:8700:17)
    at recursivelyTraversePassiveMountEffects (http://localhost:3000/_next/static/chunks/node_modules_next_dist_compiled_react-dom_1e674e59._.js:8683:316)
    at commitPassiveMountOnFiber (http://localhost:3000/_next/static/chunks/node_modules_next_dist_compiled_react-dom_1e674e59._.js:8695:17)
    at recursivelyTraversePassiveMountEffects (http://localhost:3000/_next/static/chunks/node_modules_next_dist_compiled_react-dom_1e674e59._.js:8683:316)
    at commitPassiveMountOnFiber (http://localhost:3000/_next/static/chunks/node_modules_next_dist_compiled_react-dom_1e674e59._.js:8700:17)
    at recursivelyTraversePassiveMountEffects (http://localhost:3000/_next/static/chunks/node_modules_next_dist_compiled_react-dom_1e674e59._.js:8683:316)
    at commitPassiveMountOnFiber (http://localhost:3000/_next/static/chunks/node_modules_next_dist_compiled_react-dom_1e674e59._.js:8695:17)
    at recursivelyTraversePassiveMountEffects (http://localhost:3000/_next/static/chunks/node_modules_next_dist_compiled_react-dom_1e674e59._.js:8683:316)
    at commitPassiveMountOnFiber (http://localhost:3000/_next/static/chunks/node_modules_next_dist_compiled_react-dom_1e674e59._.js:8695:17)
    at recursivelyTraversePassiveMountEffects (http://localhost:3000/_next/static/chunks/node_modules_next_dist_compiled_react-dom_1e674e59._.js:8683:316)
    at commitPassiveMountOnFiber (http://localhost:3000/_next/static/chunks/node_modules_next_dist_compiled_react-dom_1e674e59._.js:8700:17)
    at recursivelyTraversePassiveMountEffects (http://localhost:3000/_next/static/chunks/node_modules_next_dist_compiled_react-dom_1e674e59._.js:8683:316)
    at commitPassiveMountOnFiber (http://localhost:3000/_next/static/chunks/node_modules_next_dist_compiled_react-dom_1e674e59._.js:8695:17)
    at recursivelyTraversePassiveMountEffects (http://localhost:3000/_next/static/chunks/node_modules_next_dist_compiled_react-dom_1e674e59._.js:8683:316)
    at commitPassiveMountOnFiber (http://localhost:3000/_next/static/chunks/node_modules_next_dist_compiled_react-dom_1e674e59._.js:8757:17)
    at recursivelyTraversePassiveMountEffects (http://localhost:3000/_next/static/chunks/node_modules_next_dist_compiled_react-dom_1e674e59._.js:8683:316)
    at commitPassiveMountOnFiber (http://localhost:3000/_next/static/chunks/node_modules_next_dist_compiled_react-dom_1e674e59._.js:8757:17)
    at recursivelyTraversePassiveMountEffects (http://localhost:3000/_next/static/chunks/node_modules_next_dist_compiled_react-dom_1e674e59._.js:8683:316) @ http://localhost:3000/_next/static/chunks/node_modules_next_dist_f3530cac._.js:3127
[  156777ms] [ERROR] [MatchProvider] Fetch error: TypeError: Failed to fetch
    at MatchProvider.useCallback[fetchMatches] (http://localhost:3000/_next/static/chunks/src_74777713._.js:4184:35)
    at MatchProvider.useEffect (http://localhost:3000/_next/static/chunks/src_74777713._.js:4228:17)
    at Object.react_stack_bottom_frame (http://localhost:3000/_next/static/chunks/node_modules_next_dist_compiled_react-dom_1e674e59._.js:14876:22)
    at runWithFiberInDEV (http://localhost:3000/_next/static/chunks/node_modules_next_dist_compiled_react-dom_1e674e59._.js:965:74)
    at commitHookEffectListMount (http://localhost:3000/_next/static/chunks/node_modules_next_dist_compiled_react-dom_1e674e59._.js:7266:167)
    at commitHookPassiveMountEffects (http://localhost:3000/_next/static/chunks/node_modules_next_dist_compiled_react-dom_1e674e59._.js:7301:60)
    at commitPassiveMountOnFiber (http://localhost:3000/_next/static/chunks/node_modules_next_dist_compiled_react-dom_1e674e59._.js:8696:33)
    at recursivelyTraversePassiveMountEffects (http://localhost:3000/_next/static/chunks/node_modules_next_dist_compiled_react-dom_1e674e59._.js:8683:316)
    at commitPassiveMountOnFiber (http://localhost:3000/_next/static/chunks/node_modules_next_dist_compiled_react-dom_1e674e59._.js:8757:17)
    at recursivelyTraversePassiveMountEffects (http://localhost:3000/_next/static/chunks/node_modules_next_dist_compiled_react-dom_1e674e59._.js:8683:316)
    at commitPassiveMountOnFiber (http://localhost:3000/_next/static/chunks/node_modules_next_dist_compiled_react-dom_1e674e59._.js:8695:17)
    at recursivelyTraversePassiveMountEffects (http://localhost:3000/_next/static/chunks/node_modules_next_dist_compiled_react-dom_1e674e59._.js:8683:316)
    at commitPassiveMountOnFiber (http://localhost:3000/_next/static/chunks/node_modules_next_dist_compiled_react-dom_1e674e59._.js:8757:17)
    at recursivelyTraversePassiveMountEffects (http://localhost:3000/_next/static/chunks/node_modules_next_dist_compiled_react-dom_1e674e59._.js:8683:316)
    at commitPassiveMountOnFiber (http://localhost:3000/_next/static/chunks/node_modules_next_dist_compiled_react-dom_1e674e59._.js:8695:17)
    at recursivelyTraversePassiveMountEffects (http://localhost:3000/_next/static/chunks/node_modules_next_dist_compiled_react-dom_1e674e59._.js:8683:316)
    at commitPassiveMountOnFiber (http://localhost:3000/_next/static/chunks/node_modules_next_dist_compiled_react-dom_1e674e59._.js:8757:17)
    at recursivelyTraversePassiveMountEffects (http://localhost:3000/_next/static/chunks/node_modules_next_dist_compiled_react-dom_1e674e59._.js:8683:316)
    at commitPassiveMountOnFiber (http://localhost:3000/_next/static/chunks/node_modules_next_dist_compiled_react-dom_1e674e59._.js:8695:17)
    at recursivelyTraversePassiveMountEffects (http://localhost:3000/_next/static/chunks/node_modules_next_dist_compiled_react-dom_1e674e59._.js:8683:316)
    at commitPassiveMountOnFiber (http://localhost:3000/_next/static/chunks/node_modules_next_dist_compiled_react-dom_1e674e59._.js:8695:17)
    at recursivelyTraversePassiveMountEffects (http://localhost:3000/_next/static/chunks/node_modules_next_dist_compiled_react-dom_1e674e59._.js:8683:316)
    at commitPassiveMountOnFiber (http://localhost:3000/_next/static/chunks/node_modules_next_dist_compiled_react-dom_1e674e59._.js:8757:17)
    at recursivelyTraversePassiveMountEffects (http://localhost:3000/_next/static/chunks/node_modules_next_dist_compiled_react-dom_1e674e59._.js:8683:316)
    at commitPassiveMountOnFiber (http://localhost:3000/_next/static/chunks/node_modules_next_dist_compiled_react-dom_1e674e59._.js:8757:17)
    at recursivelyTraversePassiveMountEffects (http://localhost:3000/_next/static/chunks/node_modules_next_dist_compiled_react-dom_1e674e59._.js:8683:316)
    at commitPassiveMountOnFiber (http://localhost:3000/_next/static/chunks/node_modules_next_dist_compiled_react-dom_1e674e59._.js:8757:17)
    at recursivelyTraversePassiveMountEffects (http://localhost:3000/_next/static/chunks/node_modules_next_dist_compiled_react-dom_1e674e59._.js:8683:316)
    at commitPassiveMountOnFiber (http://localhost:3000/_next/static/chunks/node_modules_next_dist_compiled_react-dom_1e674e59._.js:8695:17)
    at recursivelyTraversePassiveMountEffects (http://localhost:3000/_next/static/chunks/node_modules_next_dist_compiled_react-dom_1e674e59._.js:8683:316)
    at commitPassiveMountOnFiber (http://localhost:3000/_next/static/chunks/node_modules_next_dist_compiled_react-dom_1e674e59._.js:8695:17)
    at recursivelyTraversePassiveMountEffects (http://localhost:3000/_next/static/chunks/node_modules_next_dist_compiled_react-dom_1e674e59._.js:8683:316)
    at commitPassiveMountOnFiber (http://localhost:3000/_next/static/chunks/node_modules_next_dist_compiled_react-dom_1e674e59._.js:8700:17)
    at recursivelyTraversePassiveMountEffects (http://localhost:3000/_next/static/chunks/node_modules_next_dist_compiled_react-dom_1e674e59._.js:8683:316)
    at commitPassiveMountOnFiber (http://localhost:3000/_next/static/chunks/node_modules_next_dist_compiled_react-dom_1e674e59._.js:8695:17)
    at recursivelyTraversePassiveMountEffects (http://localhost:3000/_next/static/chunks/node_modules_next_dist_compiled_react-dom_1e674e59._.js:8683:316)
    at commitPassiveMountOnFiber (http://localhost:3000/_next/static/chunks/node_modules_next_dist_compiled_react-dom_1e674e59._.js:8700:17)
    at recursivelyTraversePassiveMountEffects (http://localhost:3000/_next/static/chunks/node_modules_next_dist_compiled_react-dom_1e674e59._.js:8683:316)
    at commitPassiveMountOnFiber (http://localhost:3000/_next/static/chunks/node_modules_next_dist_compiled_react-dom_1e674e59._.js:8695:17)
    at recursivelyTraversePassiveMountEffects (http://localhost:3000/_next/static/chunks/node_modules_next_dist_compiled_react-dom_1e674e59._.js:8683:316)
    at commitPassiveMountOnFiber (http://localhost:3000/_next/static/chunks/node_modules_next_dist_compiled_react-dom_1e674e59._.js:8695:17)
    at recursivelyTraversePassiveMountEffects (http://localhost:3000/_next/static/chunks/node_modules_next_dist_compiled_react-dom_1e674e59._.js:8683:316)
    at commitPassiveMountOnFiber (http://localhost:3000/_next/static/chunks/node_modules_next_dist_compiled_react-dom_1e674e59._.js:8700:17)
    at recursivelyTraversePassiveMountEffects (http://localhost:3000/_next/static/chunks/node_modules_next_dist_compiled_react-dom_1e674e59._.js:8683:316)
    at commitPassiveMountOnFiber (http://localhost:3000/_next/static/chunks/node_modules_next_dist_compiled_react-dom_1e674e59._.js:8695:17)
    at recursivelyTraversePassiveMountEffects (http://localhost:3000/_next/static/chunks/node_modules_next_dist_compiled_react-dom_1e674e59._.js:8683:316)
    at commitPassiveMountOnFiber (http://localhost:3000/_next/static/chunks/node_modules_next_dist_compiled_react-dom_1e674e59._.js:8757:17)
    at recursivelyTraversePassiveMountEffects (http://localhost:3000/_next/static/chunks/node_modules_next_dist_compiled_react-dom_1e674e59._.js:8683:316)
    at commitPassiveMountOnFiber (http://localhost:3000/_next/static/chunks/node_modules_next_dist_compiled_react-dom_1e674e59._.js:8757:17)
    at recursivelyTraversePassiveMountEffects (http://localhost:3000/_next/static/chunks/node_modules_next_dist_compiled_react-dom_1e674e59._.js:8683:316) @ http://localhost:3000/_next/static/chunks/node_modules_next_dist_f3530cac._.js:3127
[  156777ms] [ERROR] [DB] Failed to get overrides for user 465ac02f-2345-4055-9549-35d251cfb521: {message: TypeError: Failed to fetch, details: TypeError: Failed to fetch
    at http://localhost…00/_next/static/chunks/src_74777713._.js:4388:58), hint: , code: } @ http://localhost:3000/_next/static/chunks/node_modules_next_dist_f3530cac._.js:3127
[  156777ms] [ERROR] [DB] Failed to get all overrides: {message: TypeError: Failed to fetch, details: TypeError: Failed to fetch
    at http://localhost…00/_next/static/chunks/src_74777713._.js:4417:58), hint: , code: } @ http://localhost:3000/_next/static/chunks/node_modules_next_dist_f3530cac._.js:3127
[  156777ms] [ERROR] [DB] Competition members query error: TypeError: Failed to fetch @ http://localhost:3000/_next/static/chunks/node_modules_next_dist_f3530cac._.js:3127
[  156777ms] [ERROR] [DB] Failed to get all profiles: Error: TypeError: Failed to fetch
    at Object.getAllProfiles (http://localhost:3000/_next/static/chunks/src_74777713._.js?id=%255Bproject%255D%252Fsrc%252Flib%252Fservices%252Fdatabase-shared.ts+%255Bapp-client%255D+%2528ecmascript%2529:60:31)
    at async UserProvider.useCallback[getAllProfiles] (http://localhost:3000/_next/static/chunks/src_74777713._.js:5993:30) @ http://localhost:3000/_next/static/chunks/node_modules_next_dist_f3530cac._.js:3127
[  156777ms] [ERROR] [DB] Failed to get all predictions: {message: TypeError: Failed to fetch, details: TypeError: Failed to fetch
    at http://localhost…00/_next/static/chunks/src_74777713._.js:4417:58), hint: , code: } @ http://localhost:3000/_next/static/chunks/node_modules_next_dist_f3530cac._.js:3127
[  156777ms] [ERROR] [DB] Failed to get predictions for user 465ac02f-2345-4055-9549-35d251cfb521: {message: TypeError: Failed to fetch, details: TypeError: Failed to fetch
    at http://localhost…00/_next/static/chunks/src_74777713._.js:4388:58), hint: , code: } @ http://localhost:3000/_next/static/chunks/node_modules_next_dist_f3530cac._.js:3127
[  156777ms] [ERROR] [DB] Failed to get competitions for user 465ac02f-2345-4055-9549-35d251cfb521: {message: TypeError: Failed to fetch, details: TypeError: Failed to fetch
    at http://localhost…55D+%2528ecmascript%2529+%253Clocals%253E:100:25), hint: , code: } @ http://localhost:3000/_next/static/chunks/node_modules_next_dist_f3530cac._.js:3127
[  156777ms] [ERROR] [DB] Failed to get profile 465ac02f-2345-4055-9549-35d251cfb521: {message: TypeError: Failed to fetch, details: TypeError: Failed to fetch
    at http://localhost…00/_next/static/chunks/src_74777713._.js:5937:55), hint: , code: } @ http://localhost:3000/_next/static/chunks/node_modules_next_dist_f3530cac._.js:3127
[  156777ms] [ERROR] [DB] Failed to load user competitions: Unknown error @ http://localhost:3000/_next/static/chunks/node_modules_next_dist_f3530cac._.js:3127
